<?xml version="1.0" encoding="UTF-8"?>
<!-- Generated by org.testng.reporters.JUnitXMLReporter -->
<testsuite hostname="DESKTOP-H2M3TG4" ignored="0" name="Default test" tests="3" failures="0" timestamp="05 sep 2020 04:03:56 GMT" time="8.914" errors="0">
  <testcase name="testRest2API" time="5.889" classname="regres.in.test.RegresInSuite"/>
  <testcase name="testRest3API" time="1.112" classname="regres.in.test.RegresInSuite"/>
  <testcase name="testRestAPI" time="0.634" classname="regres.in.test.RegresInSuite"/>
</testsuite> <!-- Default test -->
